0 info it worked if it ends with ok
1 verbose cli [ 'node', '/usr/local/bin/npm', 'install', '-g', 'hexo' ]
2 info using npm@1.4.21
3 info using node@v0.10.30
4 verbose cache add [ 'hexo', null ]
5 verbose cache add name=undefined spec="hexo" args=["hexo",null]
6 verbose parsed url { protocol: null,
6 verbose parsed url   slashes: null,
6 verbose parsed url   auth: null,
6 verbose parsed url   host: null,
6 verbose parsed url   port: null,
6 verbose parsed url   hostname: null,
6 verbose parsed url   hash: null,
6 verbose parsed url   search: null,
6 verbose parsed url   query: null,
6 verbose parsed url   pathname: 'hexo',
6 verbose parsed url   path: 'hexo',
6 verbose parsed url   href: 'hexo' }
7 silly lockFile 3f1a2efe-hexo hexo
8 verbose lock hexo /Users/xiongyongxin/.npm/3f1a2efe-hexo.lock
9 silly lockFile 3f1a2efe-hexo hexo
10 silly lockFile 3f1a2efe-hexo hexo
11 verbose addNamed [ 'hexo', '' ]
12 verbose addNamed [ null, '*' ]
13 silly lockFile c225e5a0-hexo hexo@
14 verbose lock hexo@ /Users/xiongyongxin/.npm/c225e5a0-hexo.lock
15 silly addNameRange { name: 'hexo', range: '*', hasData: false }
16 verbose request where is /hexo
17 verbose request registry https://registry.npmjs.org/
18 verbose request id 0ed53501ee78b6bc
19 verbose url raw /hexo
20 verbose url resolving [ 'https://registry.npmjs.org/', './hexo' ]
21 verbose url resolved https://registry.npmjs.org/hexo
22 verbose request where is https://registry.npmjs.org/hexo
23 info trying registry request attempt 1 at 13:51:43
24 http GET https://registry.npmjs.org/hexo
25 http 200 https://registry.npmjs.org/hexo
26 silly registry.get cb [ 200,
26 silly registry.get   { date: 'Sun, 08 Mar 2015 05:48:24 GMT',
26 silly registry.get     server: 'CouchDB/1.5.0 (Erlang OTP/R16B03)',
26 silly registry.get     etag: '"665RXRDSH6SNTHUD7BMYCTB1P"',
26 silly registry.get     'content-type': 'application/json',
26 silly registry.get     'cache-control': 'max-age=60',
26 silly registry.get     'content-length': '147673',
26 silly registry.get     'accept-ranges': 'bytes',
26 silly registry.get     via: '1.1 varnish',
26 silly registry.get     age: '0',
26 silly registry.get     'x-served-by': 'cache-lcy1128-LCY',
26 silly registry.get     'x-cache': 'MISS',
26 silly registry.get     'x-cache-hits': '0',
26 silly registry.get     'x-timer': 'S1425793703.866115,VS0,VE615',
26 silly registry.get     vary: 'Accept',
26 silly registry.get     'keep-alive': 'timeout=10, max=50',
26 silly registry.get     connection: 'Keep-Alive' } ]
27 silly addNameRange number 2 { name: 'hexo', range: '*', hasData: true }
28 silly addNameRange versions [ 'hexo',
28 silly addNameRange   [ '0.0.1',
28 silly addNameRange     '0.0.2',
28 silly addNameRange     '0.0.3',
28 silly addNameRange     '0.0.4',
28 silly addNameRange     '0.0.5',
28 silly addNameRange     '0.0.6',
28 silly addNameRange     '0.1.0',
28 silly addNameRange     '0.1.1',
28 silly addNameRange     '0.1.2',
28 silly addNameRange     '0.1.3',
28 silly addNameRange     '0.1.4',
28 silly addNameRange     '0.1.5',
28 silly addNameRange     '0.1.6',
28 silly addNameRange     '0.1.7',
28 silly addNameRange     '0.1.8',
28 silly addNameRange     '0.1.9',
28 silly addNameRange     '0.1.10',
28 silly addNameRange     '0.1.11',
28 silly addNameRange     '0.2.0',
28 silly addNameRange     '0.2.1',
28 silly addNameRange     '0.3.0',
28 silly addNameRange     '0.3.1',
28 silly addNameRange     '0.3.2',
28 silly addNameRange     '0.4.0',
28 silly addNameRange     '0.4.1',
28 silly addNameRange     '0.4.2',
28 silly addNameRange     '0.4.3',
28 silly addNameRange     '0.4.4',
28 silly addNameRange     '0.4.5',
28 silly addNameRange     '0.5.0',
28 silly addNameRange     '0.5.1',
28 silly addNameRange     '0.5.2',
28 silly addNameRange     '0.5.3',
28 silly addNameRange     '0.5.4',
28 silly addNameRange     '0.5.5',
28 silly addNameRange     '0.5.6',
28 silly addNameRange     '0.5.7',
28 silly addNameRange     '0.5.8',
28 silly addNameRange     '0.5.9',
28 silly addNameRange     '0.5.10',
28 silly addNameRange     '0.5.11',
28 silly addNameRange     '0.5.12',
28 silly addNameRange     '1.0.0',
28 silly addNameRange     '1.0.1',
28 silly addNameRange     '1.0.2',
28 silly addNameRange     '1.0.3',
28 silly addNameRange     '1.0.4',
28 silly addNameRange     '1.0.5',
28 silly addNameRange     '1.0.6',
28 silly addNameRange     '1.0.7',
28 silly addNameRange     '1.0.8',
28 silly addNameRange     '1.0.9',
28 silly addNameRange     '1.1.0',
28 silly addNameRange     '1.1.1',
28 silly addNameRange     '1.1.2',
28 silly addNameRange     '1.1.3',
28 silly addNameRange     '1.1.4',
28 silly addNameRange     '1.2.0',
28 silly addNameRange     '1.2.1',
28 silly addNameRange     '1.2.2',
28 silly addNameRange     '1.2.3',
28 silly addNameRange     '1.2.4',
28 silly addNameRange     '2.0.0-beta2',
28 silly addNameRange     '2.0.0-rc1',
28 silly addNameRange     '2.0.0-rc2',
28 silly addNameRange     '2.0.0-beta1',
28 silly addNameRange     '2.0.0-rc3',
28 silly addNameRange     '2.0.0',
28 silly addNameRange     '2.0.1',
28 silly addNameRange     '2.0.2',
28 silly addNameRange     '2.0.3',
28 silly addNameRange     '2.0.4',
28 silly addNameRange     '2.0.5',
28 silly addNameRange     '2.0.6',
28 silly addNameRange     '2.0.7',
28 silly addNameRange     '2.1.0',
28 silly addNameRange     '2.1.1',
28 silly addNameRange     '2.2.0',
28 silly addNameRange     '2.2.1',
28 silly addNameRange     '2.3.0',
28 silly addNameRange     '2.4.0',
28 silly addNameRange     '2.4.1',
28 silly addNameRange     '2.4.2',
28 silly addNameRange     '2.4.3',
28 silly addNameRange     '2.4.4',
28 silly addNameRange     '2.4.5',
28 silly addNameRange     '2.5.1',
28 silly addNameRange     '2.5.2',
28 silly addNameRange     '2.5.3',
28 silly addNameRange     '2.5.4',
28 silly addNameRange     '2.5.5',
28 silly addNameRange     '2.5.6',
28 silly addNameRange     '2.5.7',
28 silly addNameRange     '2.6.0',
28 silly addNameRange     '2.6.1',
28 silly addNameRange     '2.6.2',
28 silly addNameRange     '2.6.3',
28 silly addNameRange     '2.7.0',
28 silly addNameRange     '2.7.1',
28 silly addNameRange     '2.8.0',
28 silly addNameRange     '2.8.1',
28 silly addNameRange     '2.8.2',
28 silly addNameRange     '2.8.3',
28 silly addNameRange     '3.0.0-beta.1',
28 silly addNameRange     '3.0.0-beta.2',
28 silly addNameRange     '3.0.0-beta.3',
28 silly addNameRange     '3.0.0-beta.4',
28 silly addNameRange     '3.0.0-rc.1',
28 silly addNameRange     '3.0.0-rc.2',
28 silly addNameRange     '3.0.0-rc.3',
28 silly addNameRange     '3.0.0-rc.4',
28 silly addNameRange     '3.0.0' ] ]
29 verbose addNamed [ 'hexo', '3.0.0' ]
30 verbose addNamed [ '3.0.0', '3.0.0' ]
31 silly lockFile c3a97f02-hexo-3-0-0 hexo@3.0.0
32 verbose lock hexo@3.0.0 /Users/xiongyongxin/.npm/c3a97f02-hexo-3-0-0.lock
33 silly lockFile cd5102c9-ry-npmjs-org-hexo-hexo-3-0-0-tgz https://registry.npmjs.org/hexo/-/hexo-3.0.0.tgz
34 verbose lock https://registry.npmjs.org/hexo/-/hexo-3.0.0.tgz /Users/xiongyongxin/.npm/cd5102c9-ry-npmjs-org-hexo-hexo-3-0-0-tgz.lock
35 verbose addRemoteTarball [ 'https://registry.npmjs.org/hexo/-/hexo-3.0.0.tgz',
35 verbose addRemoteTarball   'e44ad7b1eef0867fb5a1209a8431cb9c93fdeab3' ]
36 info retry fetch attempt 1 at 13:51:53
37 verbose fetch to= /var/folders/6z/w87587750d711b_c9vt_pg0c0000gn/T/npm-2016-XS0JRP4m/registry.npmjs.org/hexo/-/hexo-3.0.0.tgz
38 http GET https://registry.npmjs.org/hexo/-/hexo-3.0.0.tgz
39 http 200 https://registry.npmjs.org/hexo/-/hexo-3.0.0.tgz
40 silly lockFile cd5102c9-ry-npmjs-org-hexo-hexo-3-0-0-tgz https://registry.npmjs.org/hexo/-/hexo-3.0.0.tgz
41 silly lockFile cd5102c9-ry-npmjs-org-hexo-hexo-3-0-0-tgz https://registry.npmjs.org/hexo/-/hexo-3.0.0.tgz
42 silly lockFile c3a97f02-hexo-3-0-0 hexo@3.0.0
43 silly lockFile c3a97f02-hexo-3-0-0 hexo@3.0.0
44 silly lockFile c225e5a0-hexo hexo@
45 silly lockFile c225e5a0-hexo hexo@
46 silly resolved [ { name: 'hexo',
46 silly resolved     version: '3.0.0',
46 silly resolved     description: 'A fast, simple & powerful blog framework, powered by Node.js.',
46 silly resolved     main: 'lib/hexo',
46 silly resolved     bin: { hexo: './bin/hexo' },
46 silly resolved     scripts: { test: 'gulp test' },
46 silly resolved     directories: { lib: './lib', bin: './bin' },
46 silly resolved     engines: { node: '>= 0.10.0' },
46 silly resolved     repository: { type: 'git', url: 'https://github.com/hexojs/hexo' },
46 silly resolved     homepage: 'http://hexo.io/',
46 silly resolved     keywords: [ 'website', 'blog', 'cms', 'framework', 'hexo' ],
46 silly resolved     author:
46 silly resolved      { name: 'Tommy Chen',
46 silly resolved        email: 'tommy351@gmail.com',
46 silly resolved        url: 'http://zespia.tw' },
46 silly resolved     license: 'MIT',
46 silly resolved     dependencies:
46 silly resolved      { abbrev: '^1.0.5',
46 silly resolved        archy: '^1.0.0',
46 silly resolved        bluebird: '^2.9.8',
46 silly resolved        bunyan: '^1.3.3',
46 silly resolved        chalk: '^1.0.0',
46 silly resolved        cheerio: '^0.18.0',
46 silly resolved        'hexo-cli': '^0.1.0',
46 silly resolved        'hexo-front-matter': '^0.2.1',
46 silly resolved        'hexo-fs': '^0.1.3',
46 silly resolved        'hexo-i18n': '^0.2.0',
46 silly resolved        'hexo-util': '^0.1.6',
46 silly resolved        'js-yaml': '^3.2.5',
46 silly resolved        lodash: '^3.2.0',
46 silly resolved        minimatch: '^2.0.1',
46 silly resolved        moment: '2.9.0',
46 silly resolved        'moment-timezone': '^0.3.0',
46 silly resolved        nunjucks: '1.1.0',
46 silly resolved        'pretty-hrtime': '^1.0.0',
46 silly resolved        'strip-indent': '^1.0.0',
46 silly resolved        swig: '1.4.2',
46 silly resolved        'text-table': '^0.2.0',
46 silly resolved        through2: '^1.1.1',
46 silly resolved        tildify: '^1.0.0',
46 silly resolved        titlecase: '^1.0.2',
46 silly resolved        warehouse: '^1.0.0' },
46 silly resolved     devDependencies:
46 silly resolved      { chai: '^1.9.1',
46 silly resolved        coveralls: '^2.11.2',
46 silly resolved        del: '^1.1.1',
46 silly resolved        gulp: '^3.8.9',
46 silly resolved        'gulp-istanbul': '^0.5.0',
46 silly resolved        'gulp-jshint': '^1.8.6',
46 silly resolved        'gulp-load-plugins': '^0.8.0',
46 silly resolved        'gulp-mocha': '^2.0.0',
46 silly resolved        'hexo-renderer-marked': '^0.2.3',
46 silly resolved        'jshint-stylish': '^1.0.0',
46 silly resolved        mocha: '^2.0.1',
46 silly resolved        sinon: '^1.12.2' },
46 silly resolved     gitHead: '43b9b6b50e9e75d2fc9fb755358f3dffb3e56e12',
46 silly resolved     bugs: { url: 'https://github.com/hexojs/hexo/issues' },
46 silly resolved     _id: 'hexo@3.0.0',
46 silly resolved     _shasum: 'e44ad7b1eef0867fb5a1209a8431cb9c93fdeab3',
46 silly resolved     _from: 'hexo@',
46 silly resolved     _npmVersion: '2.5.1',
46 silly resolved     _nodeVersion: '0.12.0',
46 silly resolved     _npmUser: { name: 'tommy351', email: 'tommy351@gmail.com' },
46 silly resolved     maintainers: [ [Object] ],
46 silly resolved     dist:
46 silly resolved      { shasum: 'e44ad7b1eef0867fb5a1209a8431cb9c93fdeab3',
46 silly resolved        tarball: 'http://registry.npmjs.org/hexo/-/hexo-3.0.0.tgz' },
46 silly resolved     _resolved: 'https://registry.npmjs.org/hexo/-/hexo-3.0.0.tgz' } ]
47 info install hexo@3.0.0 into /usr/local/lib
48 info installOne hexo@3.0.0
49 verbose lib/node_modules/hexo unbuild
50 verbose tar unpack /Users/xiongyongxin/.npm/hexo/3.0.0/package.tgz
51 silly lockFile 9bdfa400--usr-local-lib-node-modules-hexo tar:///usr/local/lib/node_modules/hexo
52 verbose lock tar:///usr/local/lib/node_modules/hexo /Users/xiongyongxin/.npm/9bdfa400--usr-local-lib-node-modules-hexo.lock
53 silly lockFile 8755ac91-ngxin-npm-hexo-3-0-0-package-tgz tar:///Users/xiongyongxin/.npm/hexo/3.0.0/package.tgz
54 verbose lock tar:///Users/xiongyongxin/.npm/hexo/3.0.0/package.tgz /Users/xiongyongxin/.npm/8755ac91-ngxin-npm-hexo-3-0-0-package-tgz.lock
55 silly gunzTarPerm modes [ '755', '644' ]
56 error Error: EACCES, mkdir '/usr/local/lib/node_modules/hexo'
56 error  { [Error: EACCES, mkdir '/usr/local/lib/node_modules/hexo']
56 error   errno: 3,
56 error   code: 'EACCES',
56 error   path: '/usr/local/lib/node_modules/hexo',
56 error   fstream_type: 'Directory',
56 error   fstream_path: '/usr/local/lib/node_modules/hexo',
56 error   fstream_class: 'DirWriter',
56 error   fstream_stack:
56 error    [ '/usr/local/lib/node_modules/npm/node_modules/fstream/lib/dir-writer.js:36:23',
56 error      '/usr/local/lib/node_modules/npm/node_modules/mkdirp/index.js:37:53',
56 error      'Object.oncomplete (fs.js:107:15)' ] }
57 error Please try running this command again as root/Administrator.
58 error System Darwin 13.4.0
59 error command "node" "/usr/local/bin/npm" "install" "-g" "hexo"
60 error cwd /Users/xiongyongxin/Sites/gold3bear.github.io/_posts
61 error node -v v0.10.30
62 error npm -v 1.4.21
63 error path /usr/local/lib/node_modules/hexo
64 error fstream_path /usr/local/lib/node_modules/hexo
65 error fstream_type Directory
66 error fstream_class DirWriter
67 error code EACCES
68 error errno 3
69 error stack Error: EACCES, mkdir '/usr/local/lib/node_modules/hexo'
70 error fstream_stack /usr/local/lib/node_modules/npm/node_modules/fstream/lib/dir-writer.js:36:23
70 error fstream_stack /usr/local/lib/node_modules/npm/node_modules/mkdirp/index.js:37:53
70 error fstream_stack Object.oncomplete (fs.js:107:15)
71 verbose exit [ 3, true ]
